<?xml version="1.0" encoding="UTF-8"?>
<!-- Generated by org.testng.reporters.JUnitReportReporter -->
<testsuite hostname="CDC2-D-CJGWXJ2" name="pack1.SeleniumTest" tests="1" failures="0" timestamp="17 Apr 2019 05:06:35 GMT" time="0.000" errors="0">
  <testcase name="f" time="0.000" classname="pack1.SeleniumTest"/>
</testsuite> <!-- pack1.SeleniumTest -->
